<?xml version="1.0" encoding="UTF-8"?>
<!-- Generated by org.testng.reporters.JUnitReportReporter -->
<testsuite hostname="sumithra" name="com.wirecard.ntltaxi.testcases.HomePageTest" tests="4" failures="0" timestamp="3 Oct 2016 07:47:55 GMT" time="17.923" errors="0">
  <testcase name="validateHomePage" time="11.014" classname="com.wirecard.ntltaxi.testcases.HomePageTest"/>
  <testcase name="validateHomePage" time="2.083" classname="com.wirecard.ntltaxi.testcases.HomePageTest"/>
  <testcase name="validateHomePage" time="2.143" classname="com.wirecard.ntltaxi.testcases.HomePageTest"/>
  <testcase name="validateHomePage" time="2.683" classname="com.wirecard.ntltaxi.testcases.HomePageTest"/>
</testsuite> <!-- com.wirecard.ntltaxi.testcases.HomePageTest -->
