<?xml version="1.0" encoding="UTF-8"?>
<!-- Generated by org.testng.reporters.JUnitReportReporter -->
<testsuite hostname="sumithra" name="com.wirecard.ntltaxi.reportgenerator.ReportOptimizer" tests="1" failures="0" timestamp="3 Oct 2016 07:40:14 GMT" time="0.158" errors="0">
  <testcase name="archivefiles" time="0.158" classname="com.wirecard.ntltaxi.reportgenerator.ReportOptimizer"/>
</testsuite> <!-- com.wirecard.ntltaxi.reportgenerator.ReportOptimizer -->
