<?xml version="1.0" encoding="UTF-8"?>
<!-- Generated by org.testng.reporters.JUnitReportReporter -->
<testsuite hostname="sumithra" name="temp.ReportTest" tests="3" failures="0" timestamp="30 Sep 2016 07:35:48 GMT" time="29.960" errors="0">
  <testcase name="bingTest" time="1.676" classname="temp.ReportTest"/>
  <testcase name="googleTest" time="13.892" classname="temp.ReportTest"/>
  <testcase name="yahooTest" time="14.392" classname="temp.ReportTest"/>
</testsuite> <!-- temp.ReportTest -->
